#-----------------------------------------------------------
# Vivado v2018.2 (64-bit)
# SW Build 2258646 on Thu Jun 14 20:03:12 MDT 2018
# IP Build 2256618 on Thu Jun 14 22:10:49 MDT 2018
# Start of session at: Sun Jul 28 17:24:01 2024
# Process ID: 14188
# Current directory: E:/Vivado/Gate_Level_Designs/full_adder_using_two_half_adder
# Command line: vivado.exe -gui_launcher_event rodinguilauncherevent11744 E:\Vivado\Gate_Level_Designs\full_adder_using_two_half_adder\full_adder_using_two_half_adder.xpr
# Log file: E:/Vivado/Gate_Level_Designs/full_adder_using_two_half_adder/vivado.log
# Journal file: E:/Vivado/Gate_Level_Designs/full_adder_using_two_half_adder\vivado.jou
#-----------------------------------------------------------
start_gui
open_project E:/Vivado/Gate_Level_Designs/full_adder_using_two_half_adder/full_adder_using_two_half_adder.xpr
Scanning sources...
Finished scanning sources
INFO: [IP_Flow 19-234] Refreshing IP repositories
INFO: [IP_Flow 19-1704] No user IP repositories specified
INFO: [IP_Flow 19-2313] Loaded Vivado IP repository 'C:/Xilinx/Vivado/2018.2/data/ip'.
open_project: Time (s): cpu = 00:00:05 ; elapsed = 00:00:06 . Memory (MB): peak = 817.461 ; gain = 78.824
update_compile_order -fileset sources_1
exit
INFO: [Common 17-206] Exiting Vivado at Sun Jul 28 17:30:51 2024...
