# do {full_adder_using_two_half_adder_tb_compile.do}
# Model Technology ModelSim SE-64 vmap 10.6d Lib Mapping Utility 2018.02 Feb 24 2018
# vmap xil_defaultlib modelsim_lib/msim/xil_defaultlib 
# Copying C:/modeltech64_10.6d/win64/../modelsim.ini to modelsim.ini
# Modifying modelsim.ini
# ** Warning: (vlog-159) Mode option -64 is not supported in this context and will be ignored.
# Model Technology ModelSim SE-64 vlog 10.6d Compiler 2018.02 Feb 24 2018
# Start time: 19:57:43 on Jul 28,2024
# vlog -64 -incr -work xil_defaultlib ../../../../full_adder_using_two_half_adder.srcs/sources_1/new/full_adder_using_two_half_adder.v ../../../../full_adder_using_two_half_adder.srcs/sources_1/new/half_adder.v ../../../../full_adder_using_two_half_adder.srcs/sim_1/new/full_adder_using_two_half_adder_tb.v 
# -- Compiling module full_adder_using_two_half_adder
# -- Compiling module half_adder
# -- Compiling module full_adder_using_two_half_adder_tb
# 
# Top level modules:
# 	full_adder_using_two_half_adder_tb
# End time: 19:57:43 on Jul 28,2024, Elapsed time: 0:00:00
# Errors: 0, Warnings: 1
# Model Technology ModelSim SE-64 vlog 10.6d Compiler 2018.02 Feb 24 2018
# Start time: 19:57:43 on Jul 28,2024
# vlog -work xil_defaultlib glbl.v 
# -- Compiling module glbl
# 
# Top level modules:
# 	glbl
# End time: 19:57:44 on Jul 28,2024, Elapsed time: 0:00:01
# Errors: 0, Warnings: 0
