# //  ModelSim SE-64 10.6d Feb 24 2018
# //
# //  Copyright 1991-2018 Mentor Graphics Corporation
# //  All Rights Reserved.
# //
# //  ModelSim SE-64 and its associated documentation contain trade
# //  secrets and commercial or financial information that are the property of
# //  Mentor Graphics Corporation and are privileged, confidential,
# //  and exempt from disclosure under the Freedom of Information Act,
# //  5 U.S.C. Section 552. Furthermore, this information
# //  is prohibited from disclosure under the Trade Secrets Act,
# //  18 U.S.C. Section 1905.
# //
# do {full_adder_using_two_half_adder_tb_simulate.do}
# vsim -voptargs=""+acc"" -L xil_defaultlib -L unisims_ver -L unimacro_ver -L secureip -lib xil_defaultlib xil_defaultlib.full_adder_using_two_half_adder_tb xil_defaultlib.glbl 
# Start time: 19:57:54 on Jul 28,2024
# ** Note: (vsim-3812) Design is being optimized...
# ** Error (suppressible): (vopt-19) Failed to access library 'unisims_ver' at "unisims_ver".
# No such file or directory. (errno = ENOENT)
# ** Error (suppressible): (vopt-19) Failed to access library 'unimacro_ver' at "unimacro_ver".
# No such file or directory. (errno = ENOENT)
# ** Error (suppressible): (vopt-19) Failed to access library 'secureip' at "secureip".
# No such file or directory. (errno = ENOENT)
# Error loading design
# Error: Error loading design
#        Pausing macro execution
# MACRO ./full_adder_using_two_half_adder_tb_simulate.do PAUSED at line 9
# End time: 19:58:10 on Jul 28,2024, Elapsed time: 0:00:16
# Errors: 3, Warnings: 0
