#-----------------------------------------------------------
# Vivado v2018.2 (64-bit)
# SW Build 2258646 on Thu Jun 14 20:03:12 MDT 2018
# IP Build 2256618 on Thu Jun 14 22:10:49 MDT 2018
# Start of session at: Mon Jul 29 18:22:49 2024
# Process ID: 12600
# Current directory: E:/Vivado/Verilog/Gate_Level_Designs/full_adder
# Command line: vivado.exe -gui_launcher_event rodinguilauncherevent8268 E:\Vivado\Verilog\Gate_Level_Designs\full_adder\full_adder.xpr
# Log file: E:/Vivado/Verilog/Gate_Level_Designs/full_adder/vivado.log
# Journal file: E:/Vivado/Verilog/Gate_Level_Designs/full_adder\vivado.jou
#-----------------------------------------------------------
start_gui
open_project E:/Vivado/Verilog/Gate_Level_Designs/full_adder/full_adder.xpr
INFO: [Project 1-313] Project file moved from 'E:/Vivado/Gate_Level_Designs/full_adder' since last save.
Scanning sources...
Finished scanning sources
INFO: [IP_Flow 19-234] Refreshing IP repositories
INFO: [IP_Flow 19-1704] No user IP repositories specified
INFO: [IP_Flow 19-2313] Loaded Vivado IP repository 'C:/Xilinx/Vivado/2018.2/data/ip'.
open_project: Time (s): cpu = 00:00:04 ; elapsed = 00:00:06 . Memory (MB): peak = 790.113 ; gain = 60.816
update_compile_order -fileset sources_1
close_project
create_project S_display_full_adder E:/Vivado/Verilog/Gate_Level_Designs/S_display_full_adder -part xc7vx485tffg1157-1
INFO: [IP_Flow 19-234] Refreshing IP repositories
INFO: [IP_Flow 19-1704] No user IP repositories specified
INFO: [IP_Flow 19-2313] Loaded Vivado IP repository 'C:/Xilinx/Vivado/2018.2/data/ip'.
set_property simulator_language Verilog [current_project]
file mkdir E:/Vivado/Verilog/Gate_Level_Designs/S_display_full_adder/S_display_full_adder.srcs/sources_1/new
close [ open E:/Vivado/Verilog/Gate_Level_Designs/S_display_full_adder/S_display_full_adder.srcs/sources_1/new/S_display_full_adder.v w ]
add_files E:/Vivado/Verilog/Gate_Level_Designs/S_display_full_adder/S_display_full_adder.srcs/sources_1/new/S_display_full_adder.v
update_compile_order -fileset sources_1
file mkdir E:/Vivado/Verilog/Gate_Level_Designs/S_display_full_adder/S_display_full_adder.srcs/sim_1/new
set_property SOURCE_SET sources_1 [get_filesets sim_1]
close [ open E:/Vivado/Verilog/Gate_Level_Designs/S_display_full_adder/S_display_full_adder.srcs/sim_1/new/S_display_full_adder.v w ]
add_files -fileset sim_1 E:/Vivado/Verilog/Gate_Level_Designs/S_display_full_adder/S_display_full_adder.srcs/sim_1/new/S_display_full_adder.v
update_compile_order -fileset sim_1
set_property SOURCE_SET sources_1 [get_filesets sim_1]
close [ open E:/Vivado/Verilog/Gate_Level_Designs/S_display_full_adder/S_display_full_adder.srcs/sim_1/new/S_display_full_adder_tb.v w ]
add_files -fileset sim_1 E:/Vivado/Verilog/Gate_Level_Designs/S_display_full_adder/S_display_full_adder.srcs/sim_1/new/S_display_full_adder_tb.v
update_compile_order -fileset sim_1
export_ip_user_files -of_objects  [get_files E:/Vivado/Verilog/Gate_Level_Designs/S_display_full_adder/S_display_full_adder.srcs/sim_1/new/S_display_full_adder.v] -no_script -reset -force -quiet
remove_files  -fileset sim_1 E:/Vivado/Verilog/Gate_Level_Designs/S_display_full_adder/S_display_full_adder.srcs/sim_1/new/S_display_full_adder.v
update_compile_order -fileset sim_1
launch_simulation
INFO: [Vivado 12-5682] Launching behavioral simulation in 'E:/Vivado/Verilog/Gate_Level_Designs/S_display_full_adder/S_display_full_adder.sim/sim_1/behav/xsim'
INFO: [SIM-utils-51] Simulation object is 'sim_1'
INFO: [SIM-utils-54] Inspecting design source files for 'S_display_full_adder_tb' in fileset 'sim_1'...
INFO: [USF-XSim-97] Finding global include files...
INFO: [USF-XSim-98] Fetching design files from 'sim_1'...
INFO: [USF-XSim-2] XSim::Compile design
INFO: [USF-XSim-61] Executing 'COMPILE and ANALYZE' step in 'E:/Vivado/Verilog/Gate_Level_Designs/S_display_full_adder/S_display_full_adder.sim/sim_1/behav/xsim'
"xvlog --incr --relax -prj S_display_full_adder_tb_vlog.prj"
INFO: [VRFC 10-2263] Analyzing Verilog file "E:/Vivado/Verilog/Gate_Level_Designs/S_display_full_adder/S_display_full_adder.srcs/sources_1/new/S_display_full_adder.v" into library xil_defaultlib
INFO: [VRFC 10-311] analyzing module S_display_full_adder
INFO: [VRFC 10-2263] Analyzing Verilog file "E:/Vivado/Verilog/Gate_Level_Designs/S_display_full_adder/S_display_full_adder.srcs/sim_1/new/S_display_full_adder_tb.v" into library xil_defaultlib
INFO: [VRFC 10-311] analyzing module S_display_full_adder_tb
INFO: [VRFC 10-2263] Analyzing Verilog file "E:/Vivado/Verilog/Gate_Level_Designs/S_display_full_adder/S_display_full_adder.sim/sim_1/behav/xsim/glbl.v" into library xil_defaultlib
INFO: [VRFC 10-311] analyzing module glbl
INFO: [USF-XSim-69] 'compile' step finished in '1' seconds
INFO: [USF-XSim-3] XSim::Elaborate design
INFO: [USF-XSim-61] Executing 'ELABORATE' step in 'E:/Vivado/Verilog/Gate_Level_Designs/S_display_full_adder/S_display_full_adder.sim/sim_1/behav/xsim'
Vivado Simulator 2018.2
Copyright 1986-1999, 2001-2018 Xilinx, Inc. All Rights Reserved.
Running: C:/Xilinx/Vivado/2018.2/bin/unwrapped/win64.o/xelab.exe -wto 3b6f4a8541644c4a9028b585d1e4b858 --incr --debug typical --relax --mt 2 -L xil_defaultlib -L unisims_ver -L unimacro_ver -L secureip --snapshot S_display_full_adder_tb_behav xil_defaultlib.S_display_full_adder_tb xil_defaultlib.glbl -log elaborate.log 
Using 2 slave threads.
Starting static elaboration
Completed static elaboration
Starting simulation data flow analysis
Completed simulation data flow analysis
Time Resolution for simulation is 1ps
Compiling module xil_defaultlib.S_display_full_adder
Compiling module xil_defaultlib.S_display_full_adder_tb
Compiling module xil_defaultlib.glbl
Built simulation snapshot S_display_full_adder_tb_behav

****** Webtalk v2018.2 (64-bit)
  **** SW Build 2258646 on Thu Jun 14 20:03:12 MDT 2018
  **** IP Build 2256618 on Thu Jun 14 22:10:49 MDT 2018
    ** Copyright 1986-2018 Xilinx, Inc. All Rights Reserved.

source E:/Vivado/Verilog/Gate_Level_Designs/S_display_full_adder/S_display_full_adder.sim/sim_1/behav/xsim/xsim.dir/S_display_full_adder_tb_behav/webtalk/xsim_webtalk.tcl -notrace
INFO: [Common 17-206] Exiting Webtalk at Mon Jul 29 18:36:27 2024...
INFO: [USF-XSim-69] 'elaborate' step finished in '5' seconds
INFO: [USF-XSim-4] XSim::Simulate design
INFO: [USF-XSim-61] Executing 'SIMULATE' step in 'E:/Vivado/Verilog/Gate_Level_Designs/S_display_full_adder/S_display_full_adder.sim/sim_1/behav/xsim'
INFO: [USF-XSim-98] *** Running xsim
   with args "S_display_full_adder_tb_behav -key {Behavioral:sim_1:Functional:S_display_full_adder_tb} -tclbatch {S_display_full_adder_tb.tcl} -log {simulate.log}"
INFO: [USF-XSim-8] Loading simulator feature
Vivado Simulator 2018.2
Time resolution is 1 ps
source S_display_full_adder_tb.tcl
# set curr_wave [current_wave_config]
# if { [string length $curr_wave] == 0 } {
#   if { [llength [get_objects]] > 0} {
#     add_wave /
#     set_property needs_save false [current_wave_config]
#   } else {
#      send_msg_id Add_Wave-1 WARNING "No top level signals found. Simulator will start without a wave window. If you want to open a wave window go to 'File->New Waveform Configuration' or type 'create_wave_config' in the TCL console."
#   }
# }
# run 1000ns
x,  y,  z,  s_out,  c_out
0	0	0	0	0
0	0	1	1	0
0	1	0	1	0
0	1	1	0	1
1	0	0	1	0
1	0	1	0	1
1	1	0	0	1
1	1	1	1	1
INFO: [USF-XSim-96] XSim completed. Design snapshot 'S_display_full_adder_tb_behav' loaded.
INFO: [USF-XSim-97] XSim simulation ran for 1000ns
launch_simulation: Time (s): cpu = 00:00:01 ; elapsed = 00:00:10 . Memory (MB): peak = 880.406 ; gain = 2.633
close_sim
INFO: [Simtcl 6-16] Simulation closed
launch_simulation
INFO: [Vivado 12-5682] Launching behavioral simulation in 'E:/Vivado/Verilog/Gate_Level_Designs/S_display_full_adder/S_display_full_adder.sim/sim_1/behav/xsim'
INFO: [SIM-utils-51] Simulation object is 'sim_1'
INFO: [SIM-utils-54] Inspecting design source files for 'S_display_full_adder_tb' in fileset 'sim_1'...
INFO: [USF-XSim-97] Finding global include files...
INFO: [USF-XSim-98] Fetching design files from 'sim_1'...
INFO: [USF-XSim-2] XSim::Compile design
INFO: [USF-XSim-61] Executing 'COMPILE and ANALYZE' step in 'E:/Vivado/Verilog/Gate_Level_Designs/S_display_full_adder/S_display_full_adder.sim/sim_1/behav/xsim'
"xvlog --incr --relax -prj S_display_full_adder_tb_vlog.prj"
INFO: [VRFC 10-2263] Analyzing Verilog file "E:/Vivado/Verilog/Gate_Level_Designs/S_display_full_adder/S_display_full_adder.srcs/sources_1/new/S_display_full_adder.v" into library xil_defaultlib
INFO: [VRFC 10-311] analyzing module S_display_full_adder
INFO: [VRFC 10-2263] Analyzing Verilog file "E:/Vivado/Verilog/Gate_Level_Designs/S_display_full_adder/S_display_full_adder.srcs/sim_1/new/S_display_full_adder_tb.v" into library xil_defaultlib
INFO: [VRFC 10-311] analyzing module S_display_full_adder_tb
INFO: [USF-XSim-69] 'compile' step finished in '1' seconds
INFO: [USF-XSim-3] XSim::Elaborate design
INFO: [USF-XSim-61] Executing 'ELABORATE' step in 'E:/Vivado/Verilog/Gate_Level_Designs/S_display_full_adder/S_display_full_adder.sim/sim_1/behav/xsim'
Vivado Simulator 2018.2
Copyright 1986-1999, 2001-2018 Xilinx, Inc. All Rights Reserved.
Running: C:/Xilinx/Vivado/2018.2/bin/unwrapped/win64.o/xelab.exe -wto 3b6f4a8541644c4a9028b585d1e4b858 --incr --debug typical --relax --mt 2 -L xil_defaultlib -L unisims_ver -L unimacro_ver -L secureip --snapshot S_display_full_adder_tb_behav xil_defaultlib.S_display_full_adder_tb xil_defaultlib.glbl -log elaborate.log 
Using 2 slave threads.
Starting static elaboration
Completed static elaboration
Starting simulation data flow analysis
Completed simulation data flow analysis
Time Resolution for simulation is 1ps
Compiling module xil_defaultlib.S_display_full_adder
Compiling module xil_defaultlib.S_display_full_adder_tb
Compiling module xil_defaultlib.glbl
Built simulation snapshot S_display_full_adder_tb_behav
INFO: [USF-XSim-69] 'elaborate' step finished in '2' seconds
INFO: [USF-XSim-4] XSim::Simulate design
INFO: [USF-XSim-61] Executing 'SIMULATE' step in 'E:/Vivado/Verilog/Gate_Level_Designs/S_display_full_adder/S_display_full_adder.sim/sim_1/behav/xsim'
INFO: [USF-XSim-98] *** Running xsim
   with args "S_display_full_adder_tb_behav -key {Behavioral:sim_1:Functional:S_display_full_adder_tb} -tclbatch {S_display_full_adder_tb.tcl} -log {simulate.log}"
INFO: [USF-XSim-8] Loading simulator feature
Vivado Simulator 2018.2
Time resolution is 1 ps
source S_display_full_adder_tb.tcl
# set curr_wave [current_wave_config]
# if { [string length $curr_wave] == 0 } {
#   if { [llength [get_objects]] > 0} {
#     add_wave /
#     set_property needs_save false [current_wave_config]
#   } else {
#      send_msg_id Add_Wave-1 WARNING "No top level signals found. Simulator will start without a wave window. If you want to open a wave window go to 'File->New Waveform Configuration' or type 'create_wave_config' in the TCL console."
#   }
# }
# run 1000ns
x  y  z  s_out  c_out
0	0	0	0	0
0	0	1	1	0
0	1	0	1	0
0	1	1	0	1
1	0	0	1	0
1	0	1	0	1
1	1	0	0	1
1	1	1	1	1
INFO: [USF-XSim-96] XSim completed. Design snapshot 'S_display_full_adder_tb_behav' loaded.
INFO: [USF-XSim-97] XSim simulation ran for 1000ns
close_sim
INFO: [Simtcl 6-16] Simulation closed
exit
INFO: [Common 17-206] Exiting Vivado at Mon Jul 29 18:38:30 2024...
