#-----------------------------------------------------------
# Vivado v2018.2 (64-bit)
# SW Build 2258646 on Thu Jun 14 20:03:12 MDT 2018
# IP Build 2256618 on Thu Jun 14 22:10:49 MDT 2018
# Start of session at: Wed Jul 31 23:29:49 2024
# Process ID: 19924
# Current directory: E:/Vivado/Verilog/Gate_Level_Designs/mux_4_1
# Command line: vivado.exe -gui_launcher_event rodinguilauncherevent19284 E:\Vivado\Verilog\Gate_Level_Designs\mux_4_1\mux_4_1.xpr
# Log file: E:/Vivado/Verilog/Gate_Level_Designs/mux_4_1/vivado.log
# Journal file: E:/Vivado/Verilog/Gate_Level_Designs/mux_4_1\vivado.jou
#-----------------------------------------------------------
start_gui
open_project E:/Vivado/Verilog/Gate_Level_Designs/mux_4_1/mux_4_1.xpr
Scanning sources...
Finished scanning sources
INFO: [IP_Flow 19-234] Refreshing IP repositories
INFO: [IP_Flow 19-1704] No user IP repositories specified
INFO: [IP_Flow 19-2313] Loaded Vivado IP repository 'C:/Xilinx/Vivado/2018.2/data/ip'.
update_compile_order -fileset sources_1
launch_simulation
INFO: [Vivado 12-5682] Launching behavioral simulation in 'E:/Vivado/Verilog/Gate_Level_Designs/mux_4_1/mux_4_1.sim/sim_1/behav/xsim'
INFO: [SIM-utils-51] Simulation object is 'sim_1'
INFO: [SIM-utils-54] Inspecting design source files for 'mux_4_1_tb' in fileset 'sim_1'...
INFO: [USF-XSim-97] Finding global include files...
INFO: [USF-XSim-98] Fetching design files from 'sim_1'...
INFO: [USF-XSim-2] XSim::Compile design
INFO: [USF-XSim-61] Executing 'COMPILE and ANALYZE' step in 'E:/Vivado/Verilog/Gate_Level_Designs/mux_4_1/mux_4_1.sim/sim_1/behav/xsim'
"xvlog --incr --relax -prj mux_4_1_tb_vlog.prj"
INFO: [VRFC 10-2263] Analyzing Verilog file "E:/Vivado/Verilog/Gate_Level_Designs/mux_4_1/mux_4_1.srcs/sources_1/new/mux_4_1.v" into library xil_defaultlib
INFO: [VRFC 10-311] analyzing module mux_4_1
INFO: [VRFC 10-2263] Analyzing Verilog file "E:/Vivado/Verilog/Gate_Level_Designs/mux_4_1/mux_4_1.srcs/sim_1/new/mux_4_1_tb.v" into library xil_defaultlib
INFO: [VRFC 10-311] analyzing module mux_4_1_tb
INFO: [USF-XSim-69] 'compile' step finished in '1' seconds
INFO: [USF-XSim-3] XSim::Elaborate design
INFO: [USF-XSim-61] Executing 'ELABORATE' step in 'E:/Vivado/Verilog/Gate_Level_Designs/mux_4_1/mux_4_1.sim/sim_1/behav/xsim'
Vivado Simulator 2018.2
Copyright 1986-1999, 2001-2018 Xilinx, Inc. All Rights Reserved.
Running: C:/Xilinx/Vivado/2018.2/bin/unwrapped/win64.o/xelab.exe -wto 5b97794c5f4e41508edbe5f03b065226 --incr --debug typical --relax --mt 2 -L xil_defaultlib -L unisims_ver -L unimacro_ver -L secureip --snapshot mux_4_1_tb_behav xil_defaultlib.mux_4_1_tb xil_defaultlib.glbl -log elaborate.log 
Using 2 slave threads.
Starting static elaboration
Completed static elaboration
Starting simulation data flow analysis
Completed simulation data flow analysis
Time Resolution for simulation is 1ps
Compiling module xil_defaultlib.mux_4_1
Compiling module xil_defaultlib.mux_4_1_tb
Compiling module xil_defaultlib.glbl
Built simulation snapshot mux_4_1_tb_behav
INFO: [USF-XSim-69] 'elaborate' step finished in '2' seconds
INFO: [USF-XSim-4] XSim::Simulate design
INFO: [USF-XSim-61] Executing 'SIMULATE' step in 'E:/Vivado/Verilog/Gate_Level_Designs/mux_4_1/mux_4_1.sim/sim_1/behav/xsim'
INFO: [USF-XSim-98] *** Running xsim
   with args "mux_4_1_tb_behav -key {Behavioral:sim_1:Functional:mux_4_1_tb} -tclbatch {mux_4_1_tb.tcl} -log {simulate.log}"
INFO: [USF-XSim-8] Loading simulator feature
Vivado Simulator 2018.2
Time resolution is 1 ps
source mux_4_1_tb.tcl
# set curr_wave [current_wave_config]
# if { [string length $curr_wave] == 0 } {
#   if { [llength [get_objects]] > 0} {
#     add_wave /
#     set_property needs_save false [current_wave_config]
#   } else {
#      send_msg_id Add_Wave-1 WARNING "No top level signals found. Simulator will start without a wave window. If you want to open a wave window go to 'File->New Waveform Configuration' or type 'create_wave_config' in the TCL console."
#   }
# }
# run 1000ns
I0=1 I1=0 I2=1 I3=0

Time=                 100 S0=0 S1=0 y=1

Time=                 200 S0=0 S1=1 y=0

Time=                 300 S0=1 S1=0 y=1

Time=                 400 S0=1 S1=1 y=0

INFO: [USF-XSim-96] XSim completed. Design snapshot 'mux_4_1_tb_behav' loaded.
INFO: [USF-XSim-97] XSim simulation ran for 1000ns
launch_simulation: Time (s): cpu = 00:00:02 ; elapsed = 00:00:06 . Memory (MB): peak = 831.164 ; gain = 7.129
close_sim
INFO: [Simtcl 6-16] Simulation closed
synth_design -rtl -name rtl_1
Command: synth_design -rtl -name rtl_1
Starting synth_design
Using part: xc7vx485tffg1157-1
Top: mux_4_1
---------------------------------------------------------------------------------
Starting RTL Elaboration : Time (s): cpu = 00:00:02 ; elapsed = 00:00:02 . Memory (MB): peak = 959.910 ; gain = 103.902
---------------------------------------------------------------------------------
INFO: [Synth 8-6157] synthesizing module 'mux_4_1' [E:/Vivado/Verilog/Gate_Level_Designs/mux_4_1/mux_4_1.srcs/sources_1/new/mux_4_1.v:23]
INFO: [Synth 8-6155] done synthesizing module 'mux_4_1' (1#1) [E:/Vivado/Verilog/Gate_Level_Designs/mux_4_1/mux_4_1.srcs/sources_1/new/mux_4_1.v:23]
---------------------------------------------------------------------------------
Finished RTL Elaboration : Time (s): cpu = 00:00:03 ; elapsed = 00:00:03 . Memory (MB): peak = 1014.754 ; gain = 158.746
---------------------------------------------------------------------------------

Report Check Netlist: 
+------+------------------+-------+---------+-------+------------------+
|      |Item              |Errors |Warnings |Status |Description       |
+------+------------------+-------+---------+-------+------------------+
|1     |multi_driven_nets |      0|        0|Passed |Multi driven nets |
+------+------------------+-------+---------+-------+------------------+
---------------------------------------------------------------------------------
Start Handling Custom Attributes
---------------------------------------------------------------------------------
---------------------------------------------------------------------------------
Finished Handling Custom Attributes : Time (s): cpu = 00:00:03 ; elapsed = 00:00:03 . Memory (MB): peak = 1014.754 ; gain = 158.746
---------------------------------------------------------------------------------
---------------------------------------------------------------------------------
Finished RTL Optimization Phase 1 : Time (s): cpu = 00:00:03 ; elapsed = 00:00:03 . Memory (MB): peak = 1014.754 ; gain = 158.746
---------------------------------------------------------------------------------
INFO: [Device 21-403] Loading part xc7vx485tffg1157-1
INFO: [Project 1-570] Preparing netlist for logic optimization

Processing XDC Constraints
Initializing timing engine
Completed Processing XDC Constraints

INFO: [Opt 31-138] Pushed 0 inverter(s) to 0 load pin(s).
INFO: [Project 1-111] Unisim Transformation Summary:
No Unisim elements were transformed.

RTL Elaboration Complete:  : Time (s): cpu = 00:00:26 ; elapsed = 00:00:27 . Memory (MB): peak = 1568.094 ; gain = 712.086
6 Infos, 0 Warnings, 0 Critical Warnings and 0 Errors encountered.
synth_design completed successfully
synth_design: Time (s): cpu = 00:00:26 ; elapsed = 00:00:27 . Memory (MB): peak = 1568.094 ; gain = 712.086
exit
INFO: [Common 17-206] Exiting Vivado at Wed Jul 31 23:34:44 2024...
