#-----------------------------------------------------------
# Vivado v2018.2 (64-bit)
# SW Build 2258646 on Thu Jun 14 20:03:12 MDT 2018
# IP Build 2256618 on Thu Jun 14 22:10:49 MDT 2018
# Start of session at: Wed Jul 31 17:54:11 2024
# Process ID: 18904
# Current directory: E:/Vivado/Verilog/Gate_Level_Designs/mux_4_1
# Command line: vivado.exe -gui_launcher_event rodinguilauncherevent13028 E:\Vivado\Verilog\Gate_Level_Designs\mux_4_1\mux_4_1.xpr
# Log file: E:/Vivado/Verilog/Gate_Level_Designs/mux_4_1/vivado.log
# Journal file: E:/Vivado/Verilog/Gate_Level_Designs/mux_4_1\vivado.jou
#-----------------------------------------------------------
start_gui
open_project E:/Vivado/Verilog/Gate_Level_Designs/mux_4_1/mux_4_1.xpr
Scanning sources...
Finished scanning sources
INFO: [IP_Flow 19-234] Refreshing IP repositories
INFO: [IP_Flow 19-1704] No user IP repositories specified
INFO: [IP_Flow 19-2313] Loaded Vivado IP repository 'C:/Xilinx/Vivado/2018.2/data/ip'.
update_compile_order -fileset sources_1
launch_simulation
INFO: [Vivado 12-5682] Launching behavioral simulation in 'E:/Vivado/Verilog/Gate_Level_Designs/mux_4_1/mux_4_1.sim/sim_1/behav/xsim'
INFO: [SIM-utils-51] Simulation object is 'sim_1'
INFO: [SIM-utils-54] Inspecting design source files for 'mux_4_1_tb' in fileset 'sim_1'...
INFO: [USF-XSim-97] Finding global include files...
INFO: [USF-XSim-98] Fetching design files from 'sim_1'...
INFO: [USF-XSim-2] XSim::Compile design
INFO: [USF-XSim-61] Executing 'COMPILE and ANALYZE' step in 'E:/Vivado/Verilog/Gate_Level_Designs/mux_4_1/mux_4_1.sim/sim_1/behav/xsim'
"xvlog --incr --relax -prj mux_4_1_tb_vlog.prj"
INFO: [USF-XSim-69] 'compile' step finished in '2' seconds
INFO: [USF-XSim-3] XSim::Elaborate design
INFO: [USF-XSim-61] Executing 'ELABORATE' step in 'E:/Vivado/Verilog/Gate_Level_Designs/mux_4_1/mux_4_1.sim/sim_1/behav/xsim'
Vivado Simulator 2018.2
Copyright 1986-1999, 2001-2018 Xilinx, Inc. All Rights Reserved.
Running: C:/Xilinx/Vivado/2018.2/bin/unwrapped/win64.o/xelab.exe -wto 5b97794c5f4e41508edbe5f03b065226 --incr --debug typical --relax --mt 2 -L xil_defaultlib -L unisims_ver -L unimacro_ver -L secureip --snapshot mux_4_1_tb_behav xil_defaultlib.mux_4_1_tb xil_defaultlib.glbl -log elaborate.log 
Using 2 slave threads.
Starting static elaboration
Completed static elaboration
INFO: [XSIM 43-4323] No Change in HDL. Linking previously generated obj files to create kernel
INFO: [USF-XSim-69] 'elaborate' step finished in '2' seconds
INFO: [USF-XSim-4] XSim::Simulate design
INFO: [USF-XSim-61] Executing 'SIMULATE' step in 'E:/Vivado/Verilog/Gate_Level_Designs/mux_4_1/mux_4_1.sim/sim_1/behav/xsim'
INFO: [USF-XSim-98] *** Running xsim
   with args "mux_4_1_tb_behav -key {Behavioral:sim_1:Functional:mux_4_1_tb} -tclbatch {mux_4_1_tb.tcl} -log {simulate.log}"
INFO: [USF-XSim-8] Loading simulator feature
Vivado Simulator 2018.2
Time resolution is 1 ps
source mux_4_1_tb.tcl
# set curr_wave [current_wave_config]
# if { [string length $curr_wave] == 0 } {
#   if { [llength [get_objects]] > 0} {
#     add_wave /
#     set_property needs_save false [current_wave_config]
#   } else {
#      send_msg_id Add_Wave-1 WARNING "No top level signals found. Simulator will start without a wave window. If you want to open a wave window go to 'File->New Waveform Configuration' or type 'create_wave_config' in the TCL console."
#   }
# }
# run 1000ns
I0=1 I1=0 I2=1 I3=0

Time=                 100 S0=0 S1=0 y=1

Time=                 200 S0=0 S1=1 y=0

Time=                 300 S0=1 S1=0 y=1

Time=                 400 S0=1 S1=1 y=0

INFO: [USF-XSim-96] XSim completed. Design snapshot 'mux_4_1_tb_behav' loaded.
INFO: [USF-XSim-97] XSim simulation ran for 1000ns
launch_simulation: Time (s): cpu = 00:00:04 ; elapsed = 00:00:07 . Memory (MB): peak = 822.918 ; gain = 10.105
close_sim
INFO: [Simtcl 6-16] Simulation closed
exit
INFO: [Common 17-206] Exiting Vivado at Wed Jul 31 17:56:18 2024...
