#-----------------------------------------------------------
# Vivado v2018.2 (64-bit)
# SW Build 2258646 on Thu Jun 14 20:03:12 MDT 2018
# IP Build 2256618 on Thu Jun 14 22:10:49 MDT 2018
# Start of session at: Sat Aug  3 16:13:48 2024
# Process ID: 9124
# Current directory: E:/Vivado/Verilog/Data_Flow_Modelling/nand_gate
# Command line: vivado.exe -gui_launcher_event rodinguilauncherevent17268 E:\Vivado\Verilog\Data_Flow_Modelling\nand_gate\nand_gate.xpr
# Log file: E:/Vivado/Verilog/Data_Flow_Modelling/nand_gate/vivado.log
# Journal file: E:/Vivado/Verilog/Data_Flow_Modelling/nand_gate\vivado.jou
#-----------------------------------------------------------
start_gui
open_project E:/Vivado/Verilog/Data_Flow_Modelling/nand_gate/nand_gate.xpr
Scanning sources...
Finished scanning sources
INFO: [IP_Flow 19-234] Refreshing IP repositories
INFO: [IP_Flow 19-1704] No user IP repositories specified
INFO: [IP_Flow 19-2313] Loaded Vivado IP repository 'C:/Xilinx/Vivado/2018.2/data/ip'.
update_compile_order -fileset sources_1
synth_design -rtl -name rtl_1
Command: synth_design -rtl -name rtl_1
Starting synth_design
Using part: xc7vx485tffg1157-1
Top: nand_gate
---------------------------------------------------------------------------------
Starting RTL Elaboration : Time (s): cpu = 00:00:02 ; elapsed = 00:00:02 . Memory (MB): peak = 919.238 ; gain = 88.793
---------------------------------------------------------------------------------
INFO: [Synth 8-6157] synthesizing module 'nand_gate' [E:/Vivado/Verilog/Data_Flow_Modelling/nand_gate/nand_gate.srcs/sources_1/new/nand_gate.v:23]
INFO: [Synth 8-6155] done synthesizing module 'nand_gate' (1#1) [E:/Vivado/Verilog/Data_Flow_Modelling/nand_gate/nand_gate.srcs/sources_1/new/nand_gate.v:23]
---------------------------------------------------------------------------------
Finished RTL Elaboration : Time (s): cpu = 00:00:03 ; elapsed = 00:00:03 . Memory (MB): peak = 974.816 ; gain = 144.371
---------------------------------------------------------------------------------

Report Check Netlist: 
+------+------------------+-------+---------+-------+------------------+
|      |Item              |Errors |Warnings |Status |Description       |
+------+------------------+-------+---------+-------+------------------+
|1     |multi_driven_nets |      0|        0|Passed |Multi driven nets |
+------+------------------+-------+---------+-------+------------------+
---------------------------------------------------------------------------------
Start Handling Custom Attributes
---------------------------------------------------------------------------------
---------------------------------------------------------------------------------
Finished Handling Custom Attributes : Time (s): cpu = 00:00:03 ; elapsed = 00:00:04 . Memory (MB): peak = 974.816 ; gain = 144.371
---------------------------------------------------------------------------------
---------------------------------------------------------------------------------
Finished RTL Optimization Phase 1 : Time (s): cpu = 00:00:03 ; elapsed = 00:00:04 . Memory (MB): peak = 974.816 ; gain = 144.371
---------------------------------------------------------------------------------
INFO: [Device 21-403] Loading part xc7vx485tffg1157-1
INFO: [Project 1-570] Preparing netlist for logic optimization

Processing XDC Constraints
Initializing timing engine
Completed Processing XDC Constraints

INFO: [Opt 31-138] Pushed 0 inverter(s) to 0 load pin(s).
INFO: [Project 1-111] Unisim Transformation Summary:
No Unisim elements were transformed.

RTL Elaboration Complete:  : Time (s): cpu = 00:00:31 ; elapsed = 00:00:33 . Memory (MB): peak = 1536.184 ; gain = 705.738
6 Infos, 0 Warnings, 0 Critical Warnings and 0 Errors encountered.
synth_design completed successfully
synth_design: Time (s): cpu = 00:00:31 ; elapsed = 00:00:33 . Memory (MB): peak = 1536.184 ; gain = 705.738
close_design
launch_simulation
INFO: [Vivado 12-5682] Launching behavioral simulation in 'E:/Vivado/Verilog/Data_Flow_Modelling/nand_gate/nand_gate.sim/sim_1/behav/xsim'
INFO: [SIM-utils-51] Simulation object is 'sim_1'
INFO: [SIM-utils-54] Inspecting design source files for 'nand_gate_tb' in fileset 'sim_1'...
INFO: [USF-XSim-97] Finding global include files...
INFO: [USF-XSim-98] Fetching design files from 'sim_1'...
INFO: [USF-XSim-2] XSim::Compile design
INFO: [USF-XSim-61] Executing 'COMPILE and ANALYZE' step in 'E:/Vivado/Verilog/Data_Flow_Modelling/nand_gate/nand_gate.sim/sim_1/behav/xsim'
"xvlog --incr --relax -prj nand_gate_tb_vlog.prj"
INFO: [USF-XSim-69] 'compile' step finished in '2' seconds
INFO: [USF-XSim-3] XSim::Elaborate design
INFO: [USF-XSim-61] Executing 'ELABORATE' step in 'E:/Vivado/Verilog/Data_Flow_Modelling/nand_gate/nand_gate.sim/sim_1/behav/xsim'
Vivado Simulator 2018.2
Copyright 1986-1999, 2001-2018 Xilinx, Inc. All Rights Reserved.
Running: C:/Xilinx/Vivado/2018.2/bin/unwrapped/win64.o/xelab.exe -wto ee79228993d1498eb24e1a03bc46287d --incr --debug typical --relax --mt 2 -L xil_defaultlib -L unisims_ver -L unimacro_ver -L secureip --snapshot nand_gate_tb_behav xil_defaultlib.nand_gate_tb xil_defaultlib.glbl -log elaborate.log 
Using 2 slave threads.
Starting static elaboration
Completed static elaboration
INFO: [XSIM 43-4323] No Change in HDL. Linking previously generated obj files to create kernel
INFO: [USF-XSim-69] 'elaborate' step finished in '3' seconds
INFO: [USF-XSim-4] XSim::Simulate design
INFO: [USF-XSim-61] Executing 'SIMULATE' step in 'E:/Vivado/Verilog/Data_Flow_Modelling/nand_gate/nand_gate.sim/sim_1/behav/xsim'
INFO: [USF-XSim-98] *** Running xsim
   with args "nand_gate_tb_behav -key {Behavioral:sim_1:Functional:nand_gate_tb} -tclbatch {nand_gate_tb.tcl} -log {simulate.log}"
INFO: [USF-XSim-8] Loading simulator feature
Vivado Simulator 2018.2
Time resolution is 1 ps
source nand_gate_tb.tcl
# set curr_wave [current_wave_config]
# if { [string length $curr_wave] == 0 } {
#   if { [llength [get_objects]] > 0} {
#     add_wave /
#     set_property needs_save false [current_wave_config]
#   } else {
#      send_msg_id Add_Wave-1 WARNING "No top level signals found. Simulator will start without a wave window. If you want to open a wave window go to 'File->New Waveform Configuration' or type 'create_wave_config' in the TCL console."
#   }
# }
# run 1000ns
				Time	x	y	z
                   0	0	0	1
                 100	0	1	1
                 200	1	0	1
                 300	1	1	0
$finish called at time : 400 ns : File "E:/Vivado/Verilog/Data_Flow_Modelling/nand_gate/nand_gate.srcs/sim_1/new/nand_gate_tb.v" Line 36
INFO: [USF-XSim-96] XSim completed. Design snapshot 'nand_gate_tb_behav' loaded.
INFO: [USF-XSim-97] XSim simulation ran for 1000ns
launch_simulation: Time (s): cpu = 00:00:03 ; elapsed = 00:00:09 . Memory (MB): peak = 1536.184 ; gain = 0.000
close_sim
INFO: [Simtcl 6-16] Simulation closed
exit
INFO: [Common 17-206] Exiting Vivado at Sat Aug  3 16:22:34 2024...
